This file contains any messages produced by compilers while
running configure, to aid debugging if configure makes a mistake.

It was created by nautilus-share configure 0.7.2, which was
generated by GNU Autoconf 2.61.  Invocation command line was

  $ ./configure --prefix=/home/jlong/bin

## --------- ##
## Platform. ##
## --------- ##

hostname = studio
uname -m = x86_64
uname -r = 2.6.32-30-generic
uname -s = Linux
uname -v = #59-Ubuntu SMP Tue Mar 1 21:30:46 UTC 2011

/usr/bin/uname -p = unknown
/bin/uname -X     = unknown

/bin/arch              = unknown
/usr/bin/arch -k       = unknown
/usr/convex/getsysinfo = unknown
/usr/bin/hostinfo      = unknown
/bin/machine           = unknown
/usr/bin/oslevel       = unknown
/bin/universe          = unknown

PATH: /home/jlong/bin
PATH: /usr/local/sbin
PATH: /usr/local/bin
PATH: /usr/sbin
PATH: /usr/bin
PATH: /sbin
PATH: /bin
PATH: /usr/games
PATH: /home/jlong/bin/grails-1.1.1/bin
PATH: /usr/lib/jvm/java-6-sun//bin
PATH: /home/jlong/bin/groovy-1.6.4//bin
PATH: /home/jlong/bin/springsource1/roo-1.1.0.M3//bin
PATH: /var/lib/gems/1.8/bin
PATH: /home/jlong/bin/android-sdk-linux_x86/tools
PATH: /home/jlong/bin/android-sdk-linux_x86/platform-tools


## ----------- ##
## Core tests. ##
## ----------- ##

configure:2047: checking for a BSD-compatible install
configure:2103: result: /usr/bin/install -c
configure:2114: checking whether build environment is sane
configure:2157: result: yes
configure:2222: checking for gawk
configure:2238: found /usr/bin/gawk
configure:2249: result: gawk
configure:2260: checking whether make sets $(MAKE)
configure:2281: result: yes
configure:2479: checking for style of include used by make
configure:2507: result: GNU
configure:2580: checking for gcc
configure:2596: found /usr/bin/gcc
configure:2607: result: gcc
configure:2845: checking for C compiler version
configure:2852: gcc --version >&5
gcc (Ubuntu 4.4.3-4ubuntu5) 4.4.3
Copyright (C) 2009 Free Software Foundation, Inc.
This is free software; see the source for copying conditions.  There is NO
warranty; not even for MERCHANTABILITY or FITNESS FOR A PARTICULAR PURPOSE.

configure:2855: $? = 0
configure:2862: gcc -v >&5
Using built-in specs.
Target: x86_64-linux-gnu
Configured with: ../src/configure -v --with-pkgversion='Ubuntu 4.4.3-4ubuntu5' --with-bugurl=file:///usr/share/doc/gcc-4.4/README.Bugs --enable-languages=c,c++,fortran,objc,obj-c++ --prefix=/usr --enable-shared --enable-multiarch --enable-linker-build-id --with-system-zlib --libexecdir=/usr/lib --without-included-gettext --enable-threads=posix --with-gxx-include-dir=/usr/include/c++/4.4 --program-suffix=-4.4 --enable-nls --enable-clocale=gnu --enable-libstdcxx-debug --enable-plugin --enable-objc-gc --disable-werror --with-arch-32=i486 --with-tune=generic --enable-checking=release --build=x86_64-linux-gnu --host=x86_64-linux-gnu --target=x86_64-linux-gnu
Thread model: posix
gcc version 4.4.3 (Ubuntu 4.4.3-4ubuntu5) 
configure:2865: $? = 0
configure:2872: gcc -V >&5
gcc: '-V' option must have argument
configure:2875: $? = 1
configure:2898: checking for C compiler default output file name
configure:2925: gcc    conftest.c  >&5
configure:2928: $? = 0
configure:2966: result: a.out
configure:2983: checking whether the C compiler works
configure:2993: ./a.out
configure:2996: $? = 0
configure:3013: result: yes
configure:3020: checking whether we are cross compiling
configure:3022: result: no
configure:3025: checking for suffix of executables
configure:3032: gcc -o conftest    conftest.c  >&5
configure:3035: $? = 0
configure:3059: result: 
configure:3065: checking for suffix of object files
configure:3091: gcc -c   conftest.c >&5
configure:3094: $? = 0
configure:3117: result: o
configure:3121: checking whether we are using the GNU C compiler
configure:3150: gcc -c   conftest.c >&5
configure:3156: $? = 0
configure:3173: result: yes
configure:3178: checking whether gcc accepts -g
configure:3208: gcc -c -g  conftest.c >&5
configure:3214: $? = 0
configure:3313: result: yes
configure:3330: checking for gcc option to accept ISO C89
configure:3404: gcc  -c -g -O2  conftest.c >&5
configure:3410: $? = 0
configure:3433: result: none needed
configure:3453: checking dependency style of gcc
configure:3543: result: gcc3
configure:3573: checking for intltool >= 0.29
configure:3580: result: 0.36.2 found
configure:3638: checking for perl
configure:3656: found /usr/bin/perl
configure:3668: result: /usr/bin/perl
configure:3687: checking for XML::Parser
configure:3690: result: ok
configure:3727: gcc -o conftest -g -O2   conftest.c  >&5
configure:3733: $? = 0
configure:3908: checking for gcc
configure:3935: result: gcc
configure:4173: checking for C compiler version
configure:4180: gcc --version >&5
gcc (Ubuntu 4.4.3-4ubuntu5) 4.4.3
Copyright (C) 2009 Free Software Foundation, Inc.
This is free software; see the source for copying conditions.  There is NO
warranty; not even for MERCHANTABILITY or FITNESS FOR A PARTICULAR PURPOSE.

configure:4183: $? = 0
configure:4190: gcc -v >&5
Using built-in specs.
Target: x86_64-linux-gnu
Configured with: ../src/configure -v --with-pkgversion='Ubuntu 4.4.3-4ubuntu5' --with-bugurl=file:///usr/share/doc/gcc-4.4/README.Bugs --enable-languages=c,c++,fortran,objc,obj-c++ --prefix=/usr --enable-shared --enable-multiarch --enable-linker-build-id --with-system-zlib --libexecdir=/usr/lib --without-included-gettext --enable-threads=posix --with-gxx-include-dir=/usr/include/c++/4.4 --program-suffix=-4.4 --enable-nls --enable-clocale=gnu --enable-libstdcxx-debug --enable-plugin --enable-objc-gc --disable-werror --with-arch-32=i486 --with-tune=generic --enable-checking=release --build=x86_64-linux-gnu --host=x86_64-linux-gnu --target=x86_64-linux-gnu
Thread model: posix
gcc version 4.4.3 (Ubuntu 4.4.3-4ubuntu5) 
configure:4193: $? = 0
configure:4200: gcc -V >&5
gcc: '-V' option must have argument
configure:4203: $? = 1
configure:4206: checking whether we are using the GNU C compiler
configure:4258: result: yes
configure:4263: checking whether gcc accepts -g
configure:4398: result: yes
configure:4415: checking for gcc option to accept ISO C89
configure:4518: result: none needed
configure:4538: checking dependency style of gcc
configure:4628: result: gcc3
configure:4723: checking build system type
configure:4741: result: x86_64-unknown-linux-gnu
configure:4763: checking host system type
configure:4778: result: x86_64-unknown-linux-gnu
configure:4800: checking for a sed that does not truncate output
configure:4856: result: /bin/sed
configure:4859: checking for grep that handles long lines and -e
configure:4933: result: /bin/grep
configure:4938: checking for egrep
configure:5016: result: /bin/grep -E
configure:5032: checking for ld used by gcc
configure:5099: result: /usr/bin/ld
configure:5108: checking if the linker (/usr/bin/ld) is GNU ld
configure:5123: result: yes
configure:5128: checking for /usr/bin/ld option to reload object files
configure:5135: result: -r
configure:5153: checking for BSD-compatible nm
configure:5202: result: /usr/bin/nm -B
configure:5206: checking whether ln -s works
configure:5210: result: yes
configure:5217: checking how to recognize dependent libraries
configure:5403: result: pass_all
configure:5491: gcc -c -g -O2  conftest.c >&5
configure:5494: $? = 0
configure:5643: checking how to run the C preprocessor
configure:5683: gcc -E  conftest.c
configure:5689: $? = 0
configure:5720: gcc -E  conftest.c
conftest.c:10:28: error: ac_nonexistent.h: No such file or directory
configure:5726: $? = 1
configure: failed program was:
| /* confdefs.h.  */
| #define PACKAGE_NAME "nautilus-share"
| #define PACKAGE_TARNAME "nautilus-share"
| #define PACKAGE_VERSION "0.7.2"
| #define PACKAGE_STRING "nautilus-share 0.7.2"
| #define PACKAGE_BUGREPORT ""
| #define PACKAGE "nautilus-share"
| #define VERSION "0.7.2"
| /* end confdefs.h.  */
| #include <ac_nonexistent.h>
configure:5759: result: gcc -E
configure:5788: gcc -E  conftest.c
configure:5794: $? = 0
configure:5825: gcc -E  conftest.c
conftest.c:10:28: error: ac_nonexistent.h: No such file or directory
configure:5831: $? = 1
configure: failed program was:
| /* confdefs.h.  */
| #define PACKAGE_NAME "nautilus-share"
| #define PACKAGE_TARNAME "nautilus-share"
| #define PACKAGE_VERSION "0.7.2"
| #define PACKAGE_STRING "nautilus-share 0.7.2"
| #define PACKAGE_BUGREPORT ""
| #define PACKAGE "nautilus-share"
| #define VERSION "0.7.2"
| /* end confdefs.h.  */
| #include <ac_nonexistent.h>
configure:5869: checking for ANSI C header files
configure:5899: gcc -c -g -O2  conftest.c >&5
configure:5905: $? = 0
configure:6004: gcc -o conftest -g -O2   conftest.c  >&5
configure:6007: $? = 0
configure:6013: ./conftest
configure:6016: $? = 0
configure:6033: result: yes
configure:6057: checking for sys/types.h
configure:6078: gcc -c -g -O2  conftest.c >&5
configure:6084: $? = 0
configure:6100: result: yes
configure:6057: checking for sys/stat.h
configure:6078: gcc -c -g -O2  conftest.c >&5
configure:6084: $? = 0
configure:6100: result: yes
configure:6057: checking for stdlib.h
configure:6078: gcc -c -g -O2  conftest.c >&5
configure:6084: $? = 0
configure:6100: result: yes
configure:6057: checking for string.h
configure:6078: gcc -c -g -O2  conftest.c >&5
configure:6084: $? = 0
configure:6100: result: yes
configure:6057: checking for memory.h
configure:6078: gcc -c -g -O2  conftest.c >&5
configure:6084: $? = 0
configure:6100: result: yes
configure:6057: checking for strings.h
configure:6078: gcc -c -g -O2  conftest.c >&5
configure:6084: $? = 0
configure:6100: result: yes
configure:6057: checking for inttypes.h
configure:6078: gcc -c -g -O2  conftest.c >&5
configure:6084: $? = 0
configure:6100: result: yes
configure:6057: checking for stdint.h
configure:6078: gcc -c -g -O2  conftest.c >&5
configure:6084: $? = 0
configure:6100: result: yes
configure:6057: checking for unistd.h
configure:6078: gcc -c -g -O2  conftest.c >&5
configure:6084: $? = 0
configure:6100: result: yes
configure:6127: checking dlfcn.h usability
configure:6144: gcc -c -g -O2  conftest.c >&5
configure:6150: $? = 0
configure:6164: result: yes
configure:6168: checking dlfcn.h presence
configure:6183: gcc -E  conftest.c
configure:6189: $? = 0
configure:6203: result: yes
configure:6231: checking for dlfcn.h
configure:6239: result: yes
configure:6310: checking for g++
configure:6326: found /usr/bin/g++
configure:6337: result: g++
configure:6368: checking for C++ compiler version
configure:6375: g++ --version >&5
g++ (Ubuntu 4.4.3-4ubuntu5) 4.4.3
Copyright (C) 2009 Free Software Foundation, Inc.
This is free software; see the source for copying conditions.  There is NO
warranty; not even for MERCHANTABILITY or FITNESS FOR A PARTICULAR PURPOSE.

configure:6378: $? = 0
configure:6385: g++ -v >&5
Using built-in specs.
Target: x86_64-linux-gnu
Configured with: ../src/configure -v --with-pkgversion='Ubuntu 4.4.3-4ubuntu5' --with-bugurl=file:///usr/share/doc/gcc-4.4/README.Bugs --enable-languages=c,c++,fortran,objc,obj-c++ --prefix=/usr --enable-shared --enable-multiarch --enable-linker-build-id --with-system-zlib --libexecdir=/usr/lib --without-included-gettext --enable-threads=posix --with-gxx-include-dir=/usr/include/c++/4.4 --program-suffix=-4.4 --enable-nls --enable-clocale=gnu --enable-libstdcxx-debug --enable-plugin --enable-objc-gc --disable-werror --with-arch-32=i486 --with-tune=generic --enable-checking=release --build=x86_64-linux-gnu --host=x86_64-linux-gnu --target=x86_64-linux-gnu
Thread model: posix
gcc version 4.4.3 (Ubuntu 4.4.3-4ubuntu5) 
configure:6388: $? = 0
configure:6395: g++ -V >&5
g++: '-V' option must have argument
configure:6398: $? = 1
configure:6401: checking whether we are using the GNU C++ compiler
configure:6430: g++ -c   conftest.cpp >&5
configure:6436: $? = 0
configure:6453: result: yes
configure:6458: checking whether g++ accepts -g
configure:6488: g++ -c -g  conftest.cpp >&5
configure:6494: $? = 0
configure:6593: result: yes
configure:6618: checking dependency style of g++
configure:6708: result: gcc3
configure:6735: checking how to run the C++ preprocessor
configure:6771: g++ -E  conftest.cpp
configure:6777: $? = 0
configure:6808: g++ -E  conftest.cpp
conftest.cpp:21:28: error: ac_nonexistent.h: No such file or directory
configure:6814: $? = 1
configure: failed program was:
| /* confdefs.h.  */
| #define PACKAGE_NAME "nautilus-share"
| #define PACKAGE_TARNAME "nautilus-share"
| #define PACKAGE_VERSION "0.7.2"
| #define PACKAGE_STRING "nautilus-share 0.7.2"
| #define PACKAGE_BUGREPORT ""
| #define PACKAGE "nautilus-share"
| #define VERSION "0.7.2"
| #define STDC_HEADERS 1
| #define HAVE_SYS_TYPES_H 1
| #define HAVE_SYS_STAT_H 1
| #define HAVE_STDLIB_H 1
| #define HAVE_STRING_H 1
| #define HAVE_MEMORY_H 1
| #define HAVE_STRINGS_H 1
| #define HAVE_INTTYPES_H 1
| #define HAVE_STDINT_H 1
| #define HAVE_UNISTD_H 1
| #define HAVE_DLFCN_H 1
| /* end confdefs.h.  */
| #include <ac_nonexistent.h>
configure:6847: result: g++ -E
configure:6876: g++ -E  conftest.cpp
configure:6882: $? = 0
configure:6913: g++ -E  conftest.cpp
conftest.cpp:21:28: error: ac_nonexistent.h: No such file or directory
configure:6919: $? = 1
configure: failed program was:
| /* confdefs.h.  */
| #define PACKAGE_NAME "nautilus-share"
| #define PACKAGE_TARNAME "nautilus-share"
| #define PACKAGE_VERSION "0.7.2"
| #define PACKAGE_STRING "nautilus-share 0.7.2"
| #define PACKAGE_BUGREPORT ""
| #define PACKAGE "nautilus-share"
| #define VERSION "0.7.2"
| #define STDC_HEADERS 1
| #define HAVE_SYS_TYPES_H 1
| #define HAVE_SYS_STAT_H 1
| #define HAVE_STDLIB_H 1
| #define HAVE_STRING_H 1
| #define HAVE_MEMORY_H 1
| #define HAVE_STRINGS_H 1
| #define HAVE_INTTYPES_H 1
| #define HAVE_STDINT_H 1
| #define HAVE_UNISTD_H 1
| #define HAVE_DLFCN_H 1
| /* end confdefs.h.  */
| #include <ac_nonexistent.h>
configure:7012: checking for g77
configure:7042: result: no
configure:7012: checking for xlf
configure:7042: result: no
configure:7012: checking for f77
configure:7042: result: no
configure:7012: checking for frt
configure:7042: result: no
configure:7012: checking for pgf77
configure:7042: result: no
configure:7012: checking for cf77
configure:7042: result: no
configure:7012: checking for fort77
configure:7042: result: no
configure:7012: checking for fl32
configure:7042: result: no
configure:7012: checking for af77
configure:7042: result: no
configure:7012: checking for xlf90
configure:7042: result: no
configure:7012: checking for f90
configure:7042: result: no
configure:7012: checking for pgf90
configure:7042: result: no
configure:7012: checking for pghpf
configure:7042: result: no
configure:7012: checking for epcf90
configure:7042: result: no
configure:7012: checking for gfortran
configure:7042: result: no
configure:7012: checking for g95
configure:7042: result: no
configure:7012: checking for xlf95
configure:7042: result: no
configure:7012: checking for f95
configure:7042: result: no
configure:7012: checking for fort
configure:7042: result: no
configure:7012: checking for ifort
configure:7042: result: no
configure:7012: checking for ifc
configure:7042: result: no
configure:7012: checking for efc
configure:7042: result: no
configure:7012: checking for pgf95
configure:7042: result: no
configure:7012: checking for lf95
configure:7042: result: no
configure:7012: checking for ftn
configure:7042: result: no
configure:7069: checking for Fortran 77 compiler version
configure:7076:  --version >&5
./configure: line 7077: --version: command not found
configure:7079: $? = 127
configure:7086:  -v >&5
./configure: line 7087: -v: command not found
configure:7089: $? = 127
configure:7096:  -V >&5
./configure: line 7097: -V: command not found
configure:7099: $? = 127
configure:7107: checking whether we are using the GNU Fortran 77 compiler
configure:7126:  -c  conftest.F >&5
./configure: line 7127: -c: command not found
configure:7132: $? = 127
configure: failed program was:
|       program main
| #ifndef __GNUC__
|        choke me
| #endif
| 
|       end
configure:7149: result: no
configure:7155: checking whether  accepts -g
configure:7172:  -c -g conftest.f >&5
./configure: line 7173: -c: command not found
configure:7178: $? = 127
configure: failed program was:
|       program main
| 
|       end
configure:7194: result: no
configure:7224: checking the maximum length of command line arguments
configure:7336: result: 1572864
configure:7348: checking command to parse /usr/bin/nm -B output from gcc object
configure:7453: gcc -c -g -O2  conftest.c >&5
configure:7456: $? = 0
configure:7460: /usr/bin/nm -B conftest.o \| sed -n -e 's/^.*[ 	]\([ABCDGIRSTW][ABCDGIRSTW]*\)[ 	][ 	]*\([_A-Za-z][_A-Za-z0-9]*\)$/\1 \2 \2/p' \> conftest.nm
configure:7463: $? = 0
configure:7515: gcc -o conftest -g -O2   conftest.c conftstm.o >&5
configure:7518: $? = 0
configure:7556: result: ok
configure:7560: checking for objdir
configure:7575: result: .libs
configure:7667: checking for ar
configure:7683: found /usr/bin/ar
configure:7694: result: ar
configure:7763: checking for ranlib
configure:7779: found /usr/bin/ranlib
configure:7790: result: ranlib
configure:7859: checking for strip
configure:7875: found /usr/bin/strip
configure:7886: result: strip
configure:8172: checking if gcc supports -fno-rtti -fno-exceptions
configure:8190: gcc -c -g -O2  -fno-rtti -fno-exceptions conftest.c >&5
cc1: warning: command line option "-fno-rtti" is valid for C++/ObjC++ but not for C
configure:8194: $? = 0
configure:8207: result: no
configure:8222: checking for gcc option to produce PIC
configure:8454: result: -fPIC
configure:8462: checking if gcc PIC flag -fPIC works
configure:8480: gcc -c -g -O2  -fPIC -DPIC conftest.c >&5
configure:8484: $? = 0
configure:8497: result: yes
configure:8525: checking if gcc static flag -static works
configure:8553: result: yes
configure:8563: checking if gcc supports -c -o file.o
configure:8584: gcc -c -g -O2  -o out/conftest2.o conftest.c >&5
configure:8588: $? = 0
configure:8610: result: yes
configure:8636: checking whether the gcc linker (/usr/bin/ld -m elf_x86_64) supports shared libraries
configure:9617: result: yes
configure:9638: checking whether -lc should be explicitly linked in
configure:9643: gcc -c -g -O2  conftest.c >&5
configure:9646: $? = 0
configure:9661: gcc -shared conftest.o  -v -Wl,-soname -Wl,conftest -o conftest 2\>\&1 \| grep  -lc  \>/dev/null 2\>\&1
configure:9664: $? = 0
configure:9676: result: no
configure:9684: checking dynamic linker characteristics
configure:10298: result: GNU/Linux ld.so
configure:10307: checking how to hardcode library paths into programs
configure:10332: result: immediate
configure:10346: checking whether stripping libraries is possible
configure:10351: result: yes
configure:11153: checking if libtool supports shared libraries
configure:11155: result: yes
configure:11158: checking whether to build shared libraries
configure:11179: result: yes
configure:11182: checking whether to build static libraries
configure:11186: result: yes
configure:11279: creating libtool
configure:11867: checking for ld used by g++
configure:11934: result: /usr/bin/ld -m elf_x86_64
configure:11943: checking if the linker (/usr/bin/ld -m elf_x86_64) is GNU ld
configure:11958: result: yes
configure:12009: checking whether the g++ linker (/usr/bin/ld -m elf_x86_64) supports shared libraries
configure:12983: result: yes
configure:13001: g++ -c -g -O2  conftest.cpp >&5
configure:13004: $? = 0
configure:13156: checking for g++ option to produce PIC
configure:13440: result: -fPIC
configure:13448: checking if g++ PIC flag -fPIC works
configure:13466: g++ -c -g -O2  -fPIC -DPIC conftest.cpp >&5
configure:13470: $? = 0
configure:13483: result: yes
configure:13511: checking if g++ static flag -static works
configure:13539: result: yes
configure:13549: checking if g++ supports -c -o file.o
configure:13570: g++ -c -g -O2  -o out/conftest2.o conftest.cpp >&5
configure:13574: $? = 0
configure:13596: result: yes
configure:13622: checking whether the g++ linker (/usr/bin/ld -m elf_x86_64) supports shared libraries
configure:13650: result: yes
configure:13717: checking dynamic linker characteristics
configure:14279: result: GNU/Linux ld.so
configure:14288: checking how to hardcode library paths into programs
configure:14313: result: immediate
configure:20513: checking for pkg-config
configure:20529: found /usr/bin/pkg-config
configure:20541: result: yes
configure:20605: checking for pkg-config
configure:20623: found /usr/bin/pkg-config
configure:20635: result: /usr/bin/pkg-config
configure:20664: checking pkg-config is at least version 0.9.0
configure:20667: result: yes
configure:20678: checking for NAUTILUS
configure:20686: $PKG_CONFIG --exists --print-errors "libnautilus-extension >= $NAUTILUS_REQUIRED eel-2.0 >= $EEL_REQUIRED"
Package eel-2.0 was not found in the pkg-config search path.
Perhaps you should add the directory containing `eel-2.0.pc'
to the PKG_CONFIG_PATH environment variable
No package 'eel-2.0' found
configure:20689: $? = 1
configure:20704: $PKG_CONFIG --exists --print-errors "libnautilus-extension >= $NAUTILUS_REQUIRED eel-2.0 >= $EEL_REQUIRED"
Package eel-2.0 was not found in the pkg-config search path.
Perhaps you should add the directory containing `eel-2.0.pc'
to the PKG_CONFIG_PATH environment variable
No package 'eel-2.0' found
configure:20707: $? = 1
No package 'eel-2.0' found
configure:20745: error: Package requirements (libnautilus-extension >= 2.10.0 eel-2.0 >= 2.10.0) were not met:

No package 'eel-2.0' found

Consider adjusting the PKG_CONFIG_PATH environment variable if you
installed software in a non-standard prefix.

Alternatively, you may set the environment variables NAUTILUS_CFLAGS
and NAUTILUS_LIBS to avoid the need to call pkg-config.
See the pkg-config man page for more details.


## ---------------- ##
## Cache variables. ##
## ---------------- ##

ac_cv_build=x86_64-unknown-linux-gnu
ac_cv_c_compiler_gnu=yes
ac_cv_cxx_compiler_gnu=yes
ac_cv_env_CCC_set=
ac_cv_env_CCC_value=
ac_cv_env_CC_set=
ac_cv_env_CC_value=
ac_cv_env_CFLAGS_set=
ac_cv_env_CFLAGS_value=
ac_cv_env_CPPFLAGS_set=
ac_cv_env_CPPFLAGS_value=
ac_cv_env_CPP_set=
ac_cv_env_CPP_value=
ac_cv_env_CXXCPP_set=
ac_cv_env_CXXCPP_value=
ac_cv_env_CXXFLAGS_set=
ac_cv_env_CXXFLAGS_value=
ac_cv_env_CXX_set=
ac_cv_env_CXX_value=
ac_cv_env_F77_set=
ac_cv_env_F77_value=
ac_cv_env_FFLAGS_set=
ac_cv_env_FFLAGS_value=
ac_cv_env_GLIB_CFLAGS_set=
ac_cv_env_GLIB_CFLAGS_value=
ac_cv_env_GLIB_LIBS_set=
ac_cv_env_GLIB_LIBS_value=
ac_cv_env_LDFLAGS_set=
ac_cv_env_LDFLAGS_value=
ac_cv_env_LIBGLADE_CFLAGS_set=
ac_cv_env_LIBGLADE_CFLAGS_value=
ac_cv_env_LIBGLADE_LIBS_set=
ac_cv_env_LIBGLADE_LIBS_value=
ac_cv_env_LIBS_set=
ac_cv_env_LIBS_value=
ac_cv_env_NAUTILUS_CFLAGS_set=
ac_cv_env_NAUTILUS_CFLAGS_value=
ac_cv_env_NAUTILUS_LIBS_set=
ac_cv_env_NAUTILUS_LIBS_value=
ac_cv_env_PKG_CONFIG_set=
ac_cv_env_PKG_CONFIG_value=
ac_cv_env_build_alias_set=
ac_cv_env_build_alias_value=
ac_cv_env_host_alias_set=
ac_cv_env_host_alias_value=
ac_cv_env_target_alias_set=
ac_cv_env_target_alias_value=
ac_cv_f77_compiler_gnu=no
ac_cv_header_dlfcn_h=yes
ac_cv_header_inttypes_h=yes
ac_cv_header_memory_h=yes
ac_cv_header_stdc=yes
ac_cv_header_stdint_h=yes
ac_cv_header_stdlib_h=yes
ac_cv_header_string_h=yes
ac_cv_header_strings_h=yes
ac_cv_header_sys_stat_h=yes
ac_cv_header_sys_types_h=yes
ac_cv_header_unistd_h=yes
ac_cv_host=x86_64-unknown-linux-gnu
ac_cv_objext=o
ac_cv_path_EGREP='/bin/grep -E'
ac_cv_path_GREP=/bin/grep
ac_cv_path_INTLTOOL_PERL=/usr/bin/perl
ac_cv_path_ac_pt_PKG_CONFIG=/usr/bin/pkg-config
ac_cv_path_install='/usr/bin/install -c'
ac_cv_prog_AWK=gawk
ac_cv_prog_CPP='gcc -E'
ac_cv_prog_CXXCPP='g++ -E'
ac_cv_prog_HAVE_PKGCONFIG=yes
ac_cv_prog_ac_ct_AR=ar
ac_cv_prog_ac_ct_CC=gcc
ac_cv_prog_ac_ct_CXX=g++
ac_cv_prog_ac_ct_RANLIB=ranlib
ac_cv_prog_ac_ct_STRIP=strip
ac_cv_prog_cc_c89=
ac_cv_prog_cc_g=yes
ac_cv_prog_cxx_g=yes
ac_cv_prog_f77_g=no
ac_cv_prog_make_make_set=yes
am_cv_CC_dependencies_compiler_type=gcc3
am_cv_CXX_dependencies_compiler_type=gcc3
lt_cv_deplibs_check_method=pass_all
lt_cv_file_magic_cmd='$MAGIC_CMD'
lt_cv_file_magic_test_file=
lt_cv_ld_reload_flag=-r
lt_cv_objdir=.libs
lt_cv_path_LD=/usr/bin/ld
lt_cv_path_LDCXX='/usr/bin/ld -m elf_x86_64'
lt_cv_path_NM='/usr/bin/nm -B'
lt_cv_path_SED=/bin/sed
lt_cv_prog_compiler_c_o=yes
lt_cv_prog_compiler_c_o_CXX=yes
lt_cv_prog_compiler_rtti_exceptions=no
lt_cv_prog_gnu_ld=yes
lt_cv_prog_gnu_ldcxx=yes
lt_cv_sys_global_symbol_pipe='sed -n -e '\''s/^.*[ 	]\([ABCDGIRSTW][ABCDGIRSTW]*\)[ 	][ 	]*\([_A-Za-z][_A-Za-z0-9]*\)$/\1 \2 \2/p'\'''
lt_cv_sys_global_symbol_to_c_name_address='sed -n -e '\''s/^: \([^ ]*\) $/  {\"\1\", (lt_ptr) 0},/p'\'' -e '\''s/^[BCDEGRST] \([^ ]*\) \([^ ]*\)$/  {"\2", (lt_ptr) \&\2},/p'\'''
lt_cv_sys_global_symbol_to_cdecl='sed -n -e '\''s/^. .* \(.*\)$/extern int \1;/p'\'''
lt_cv_sys_max_cmd_len=1572864
lt_lt_cv_prog_compiler_c_o='"yes"'
lt_lt_cv_prog_compiler_c_o_CXX='"yes"'
lt_lt_cv_sys_global_symbol_pipe='"sed -n -e '\''s/^.*[ 	]\\([ABCDGIRSTW][ABCDGIRSTW]*\\)[ 	][ 	]*\\([_A-Za-z][_A-Za-z0-9]*\\)\$/\\1 \\2 \\2/p'\''"'
lt_lt_cv_sys_global_symbol_to_c_name_address='"sed -n -e '\''s/^: \\([^ ]*\\) \$/  {\\\"\\1\\\", (lt_ptr) 0},/p'\'' -e '\''s/^[BCDEGRST] \\([^ ]*\\) \\([^ ]*\\)\$/  {\"\\2\", (lt_ptr) \\&\\2},/p'\''"'
lt_lt_cv_sys_global_symbol_to_cdecl='"sed -n -e '\''s/^. .* \\(.*\\)\$/extern int \\1;/p'\''"'

## ----------------- ##
## Output variables. ##
## ----------------- ##

ACLOCAL='${SHELL} /home/jlong/Desktop/desktop-as-client/src/main/native/linux/downloads/nautilus-share-0.7.2/missing --run aclocal-1.9'
ALL_LINGUAS=''
AMDEPBACKSLASH='\'
AMDEP_FALSE='#'
AMDEP_TRUE=''
AMTAR='${SHELL} /home/jlong/Desktop/desktop-as-client/src/main/native/linux/downloads/nautilus-share-0.7.2/missing --run tar'
AR='ar'
AUTOCONF='${SHELL} /home/jlong/Desktop/desktop-as-client/src/main/native/linux/downloads/nautilus-share-0.7.2/missing --run autoconf'
AUTOHEADER='${SHELL} /home/jlong/Desktop/desktop-as-client/src/main/native/linux/downloads/nautilus-share-0.7.2/missing --run autoheader'
AUTOMAKE='${SHELL} /home/jlong/Desktop/desktop-as-client/src/main/native/linux/downloads/nautilus-share-0.7.2/missing --run automake-1.9'
AWK='gawk'
CATALOGS=''
CATOBJEXT=''
CC='gcc'
CCDEPMODE='depmode=gcc3'
CFLAGS='-g -O2'
CPP='gcc -E'
CPPFLAGS=''
CXX='g++'
CXXCPP='g++ -E'
CXXDEPMODE='depmode=gcc3'
CXXFLAGS='-g -O2'
CYGPATH_W='echo'
DATADIRNAME='share'
DEFS=''
DEPDIR='.deps'
ECHO='echo'
ECHO_C=''
ECHO_N='-n'
ECHO_T=''
EGREP='/bin/grep -E'
EXEEXT=''
F77=''
FFLAGS=''
GETTEXT_PACKAGE=''
GLIB_CFLAGS=''
GLIB_LIBS=''
GMOFILES=''
GMSGFMT=''
GREP='/bin/grep'
HAVE_PKGCONFIG='yes'
INSTALL_DATA='${INSTALL} -m 644'
INSTALL_PROGRAM='${INSTALL}'
INSTALL_SCRIPT='${INSTALL}'
INSTALL_STRIP_PROGRAM='${SHELL} $(install_sh) -c -s'
INSTOBJEXT=''
INTLLIBS=''
INTLTOOL_CAVES_RULE='%.caves:     %.caves.in     $(INTLTOOL_MERGE) $(wildcard $(top_srcdir)/po/*.po) ; LC_ALL=C $(INTLTOOL_MERGE) -d -u -c $(top_builddir)/po/.intltool-merge-cache $(top_srcdir)/po $< $@'
INTLTOOL_DESKTOP_RULE='%.desktop:   %.desktop.in   $(INTLTOOL_MERGE) $(wildcard $(top_srcdir)/po/*.po) ; LC_ALL=C $(INTLTOOL_MERGE) -d -u -c $(top_builddir)/po/.intltool-merge-cache $(top_srcdir)/po $< $@'
INTLTOOL_DIRECTORY_RULE='%.directory: %.directory.in $(INTLTOOL_MERGE) $(wildcard $(top_srcdir)/po/*.po) ; LC_ALL=C $(INTLTOOL_MERGE) -d -u -c $(top_builddir)/po/.intltool-merge-cache $(top_srcdir)/po $< $@'
INTLTOOL_EXTRACT='$(top_builddir)/intltool-extract'
INTLTOOL_KBD_RULE='%.kbd:       %.kbd.in       $(INTLTOOL_MERGE) $(wildcard $(top_srcdir)/po/*.po) ; LC_ALL=C $(INTLTOOL_MERGE) -x -u -m -c $(top_builddir)/po/.intltool-merge-cache $(top_srcdir)/po $< $@'
INTLTOOL_KEYS_RULE='%.keys:      %.keys.in      $(INTLTOOL_MERGE) $(wildcard $(top_srcdir)/po/*.po) ; LC_ALL=C $(INTLTOOL_MERGE) -k -u -c $(top_builddir)/po/.intltool-merge-cache $(top_srcdir)/po $< $@'
INTLTOOL_MERGE='$(top_builddir)/intltool-merge'
INTLTOOL_OAF_RULE='%.oaf:       %.oaf.in       $(INTLTOOL_MERGE) $(wildcard $(top_srcdir)/po/*.po) ; LC_ALL=C $(INTLTOOL_MERGE) -o -p $(top_srcdir)/po $< $@'
INTLTOOL_PERL='/usr/bin/perl'
INTLTOOL_POLICY_RULE='%.policy:    %.policy.in    $(INTLTOOL_MERGE) $(wildcard $(top_srcdir)/po/*.po) ; LC_ALL=C $(INTLTOOL_MERGE) -x -u -c $(top_builddir)/po/.intltool-merge-cache $(top_srcdir)/po $< $@'
INTLTOOL_PONG_RULE='%.pong:      %.pong.in      $(INTLTOOL_MERGE) $(wildcard $(top_srcdir)/po/*.po) ; LC_ALL=C $(INTLTOOL_MERGE) -x -u -c $(top_builddir)/po/.intltool-merge-cache $(top_srcdir)/po $< $@'
INTLTOOL_PROP_RULE='%.prop:      %.prop.in      $(INTLTOOL_MERGE) $(wildcard $(top_srcdir)/po/*.po) ; LC_ALL=C $(INTLTOOL_MERGE) -d -u -c $(top_builddir)/po/.intltool-merge-cache $(top_srcdir)/po $< $@'
INTLTOOL_SCHEMAS_RULE='%.schemas:   %.schemas.in   $(INTLTOOL_MERGE) $(wildcard $(top_srcdir)/po/*.po) ; LC_ALL=C $(INTLTOOL_MERGE) -s -u -c $(top_builddir)/po/.intltool-merge-cache $(top_srcdir)/po $< $@'
INTLTOOL_SERVER_RULE='%.server:    %.server.in    $(INTLTOOL_MERGE) $(wildcard $(top_srcdir)/po/*.po) ; LC_ALL=C $(INTLTOOL_MERGE) -o -u -c $(top_builddir)/po/.intltool-merge-cache $(top_srcdir)/po $< $@'
INTLTOOL_SERVICE_RULE='%.service: %.service.in   $(INTLTOOL_MERGE) $(wildcard $(top_srcdir)/po/*.po) ; LC_ALL=C $(INTLTOOL_MERGE) -d -u -c $(top_builddir)/po/.intltool-merge-cache $(top_srcdir)/po $< $@'
INTLTOOL_SHEET_RULE='%.sheet:     %.sheet.in     $(INTLTOOL_MERGE) $(wildcard $(top_srcdir)/po/*.po) ; LC_ALL=C $(INTLTOOL_MERGE) -x -u -c $(top_builddir)/po/.intltool-merge-cache $(top_srcdir)/po $< $@'
INTLTOOL_SOUNDLIST_RULE='%.soundlist: %.soundlist.in $(INTLTOOL_MERGE) $(wildcard $(top_srcdir)/po/*.po) ; LC_ALL=C $(INTLTOOL_MERGE) -d -u -c $(top_builddir)/po/.intltool-merge-cache $(top_srcdir)/po $< $@'
INTLTOOL_THEME_RULE='%.theme:     %.theme.in     $(INTLTOOL_MERGE) $(wildcard $(top_srcdir)/po/*.po) ; LC_ALL=C $(INTLTOOL_MERGE) -d -u -c $(top_builddir)/po/.intltool-merge-cache $(top_srcdir)/po $< $@'
INTLTOOL_UI_RULE='%.ui:        %.ui.in        $(INTLTOOL_MERGE) $(wildcard $(top_srcdir)/po/*.po) ; LC_ALL=C $(INTLTOOL_MERGE) -x -u -c $(top_builddir)/po/.intltool-merge-cache $(top_srcdir)/po $< $@'
INTLTOOL_UPDATE='$(top_builddir)/intltool-update'
INTLTOOL_XAM_RULE='%.xam:       %.xml.in       $(INTLTOOL_MERGE) $(wildcard $(top_srcdir)/po/*.po) ; LC_ALL=C $(INTLTOOL_MERGE) -x -u -c $(top_builddir)/po/.intltool-merge-cache $(top_srcdir)/po $< $@'
INTLTOOL_XML_NOMERGE_RULE='%.xml:       %.xml.in       $(INTLTOOL_MERGE) ; LC_ALL=C $(INTLTOOL_MERGE) -x -u /tmp $< $@'
INTLTOOL_XML_RULE='%.xml:       %.xml.in       $(INTLTOOL_MERGE) $(wildcard $(top_srcdir)/po/*.po) ; LC_ALL=C $(INTLTOOL_MERGE) -x -u -c $(top_builddir)/po/.intltool-merge-cache $(top_srcdir)/po $< $@'
LDFLAGS=''
LIBGLADE_CFLAGS=''
LIBGLADE_LIBS=''
LIBOBJS=''
LIBS=''
LIBTOOL='$(SHELL) $(top_builddir)/libtool'
LN_S='ln -s'
LTLIBOBJS=''
MAKEINFO='${SHELL} /home/jlong/Desktop/desktop-as-client/src/main/native/linux/downloads/nautilus-share-0.7.2/missing --run makeinfo'
MKINSTALLDIRS=''
MSGFMT=''
MSGFMT_OPTS=''
NAUTILUS_CFLAGS=''
NAUTILUS_LIBS=''
OBJEXT='o'
PACKAGE='nautilus-share'
PACKAGE_BUGREPORT=''
PACKAGE_NAME='nautilus-share'
PACKAGE_STRING='nautilus-share 0.7.2'
PACKAGE_TARNAME='nautilus-share'
PACKAGE_VERSION='0.7.2'
PATH_SEPARATOR=':'
PKG_CONFIG='/usr/bin/pkg-config'
POFILES=''
POSUB=''
PO_IN_DATADIR_FALSE=''
PO_IN_DATADIR_TRUE=''
RANLIB='ranlib'
SED='/bin/sed'
SET_MAKE=''
SHELL='/bin/bash'
STRIP='strip'
USE_NLS=''
VERSION='0.7.2'
XGETTEXT=''
ac_ct_CC='gcc'
ac_ct_CXX='g++'
ac_ct_F77=''
am__fastdepCC_FALSE='#'
am__fastdepCC_TRUE=''
am__fastdepCXX_FALSE='#'
am__fastdepCXX_TRUE=''
am__include='include'
am__leading_dot='.'
am__quote=''
am__tar='${AMTAR} chof - "$$tardir"'
am__untar='${AMTAR} xf -'
bindir='${exec_prefix}/bin'
build='x86_64-unknown-linux-gnu'
build_alias=''
build_cpu='x86_64'
build_os='linux-gnu'
build_vendor='unknown'
datadir='${datarootdir}'
datarootdir='${prefix}/share'
docdir='${datarootdir}/doc/${PACKAGE_TARNAME}'
dvidir='${docdir}'
exec_prefix='NONE'
gnomelocaledir=''
host='x86_64-unknown-linux-gnu'
host_alias=''
host_cpu='x86_64'
host_os='linux-gnu'
host_vendor='unknown'
htmldir='${docdir}'
includedir='${prefix}/include'
infodir='${datarootdir}/info'
install_sh='/home/jlong/Desktop/desktop-as-client/src/main/native/linux/downloads/nautilus-share-0.7.2/install-sh'
interfacesdir=''
libdir='${exec_prefix}/lib'
libexecdir='${exec_prefix}/libexec'
localedir='${datarootdir}/locale'
localstatedir='${prefix}/var'
mandir='${datarootdir}/man'
mkdir_p='mkdir -p --'
oldincludedir='/usr/include'
pdfdir='${docdir}'
pixmapsdir=''
prefix='/home/jlong/bin'
program_transform_name='s,x,x,'
psdir='${docdir}'
sbindir='${exec_prefix}/sbin'
sharedstatedir='${prefix}/com'
sysconfdir='${prefix}/etc'
target_alias=''

## ----------- ##
## confdefs.h. ##
## ----------- ##

#define PACKAGE_NAME "nautilus-share"
#define PACKAGE_TARNAME "nautilus-share"
#define PACKAGE_VERSION "0.7.2"
#define PACKAGE_STRING "nautilus-share 0.7.2"
#define PACKAGE_BUGREPORT ""
#define PACKAGE "nautilus-share"
#define VERSION "0.7.2"
#define STDC_HEADERS 1
#define HAVE_SYS_TYPES_H 1
#define HAVE_SYS_STAT_H 1
#define HAVE_STDLIB_H 1
#define HAVE_STRING_H 1
#define HAVE_MEMORY_H 1
#define HAVE_STRINGS_H 1
#define HAVE_INTTYPES_H 1
#define HAVE_STDINT_H 1
#define HAVE_UNISTD_H 1
#define HAVE_DLFCN_H 1

configure: exit 1
